\BOOKMARK [0][-]{chapter.1}{\376\377\000D\000a\000t\000a\000\040\000S\000t\000r\000u\000c\000t\000u\000r\000e\000\040\000I\000n\000d\000e\000x}{}% 1
\BOOKMARK [1][-]{section.1.1}{\376\377\000D\000a\000t\000a\000\040\000S\000t\000r\000u\000c\000t\000u\000r\000e\000s}{chapter.1}% 2
\BOOKMARK [0][-]{chapter.2}{\376\377\000F\000i\000l\000e\000\040\000I\000n\000d\000e\000x}{}% 3
\BOOKMARK [1][-]{section.2.1}{\376\377\000F\000i\000l\000e\000\040\000L\000i\000s\000t}{chapter.2}% 4
\BOOKMARK [0][-]{chapter.3}{\376\377\000D\000a\000t\000a\000\040\000S\000t\000r\000u\000c\000t\000u\000r\000e\000\040\000D\000o\000c\000u\000m\000e\000n\000t\000a\000t\000i\000o\000n}{}% 5
\BOOKMARK [1][-]{section.3.1}{\376\377\000R\000T\000r\000e\000e\000<\000\040\000D\000A\000T\000A\000T\000Y\000P\000E\000,\000\040\000E\000L\000E\000M\000T\000Y\000P\000E\000,\000\040\000N\000U\000M\000D\000I\000M\000S\000,\000\040\000E\000L\000E\000M\000T\000Y\000P\000E\000R\000E\000A\000L\000,\000\040\000T\000M\000A\000X\000N\000O\000D\000E\000S\000,\000\040\000T\000M\000I\000N\000N\000O\000D\000E\000S\000\040\000>\000:\000:\000B\000r\000a\000n\000c\000h\000\040\000S\000t\000r\000u\000c\000t\000\040\000R\000e\000f\000e\000r\000e\000n\000c\000e}{chapter.3}% 6
\BOOKMARK [2][-]{subsection.3.1.1}{\376\377\000D\000e\000t\000a\000i\000l\000e\000d\000\040\000D\000e\000s\000c\000r\000i\000p\000t\000i\000o\000n}{section.3.1}% 7
\BOOKMARK [2][-]{subsection.3.1.2}{\376\377\000F\000i\000e\000l\000d\000\040\000D\000o\000c\000u\000m\000e\000n\000t\000a\000t\000i\000o\000n}{section.3.1}% 8
\BOOKMARK [3][-]{subsubsection.3.1.2.1}{\376\377\000m\000\137\000c\000h\000i\000l\000d}{subsection.3.1.2}% 9
\BOOKMARK [3][-]{subsubsection.3.1.2.2}{\376\377\000m\000\137\000d\000a\000t\000a}{subsection.3.1.2}% 10
\BOOKMARK [3][-]{subsubsection.3.1.2.3}{\376\377\000m\000\137\000r\000e\000c\000t}{subsection.3.1.2}% 11
\BOOKMARK [1][-]{section.3.2}{\376\377\000d\000a\000t\000a\000E\000l\000e\000m\000\040\000S\000t\000r\000u\000c\000t\000\040\000R\000e\000f\000e\000r\000e\000n\000c\000e}{chapter.3}% 12
\BOOKMARK [2][-]{subsection.3.2.1}{\376\377\000D\000e\000t\000a\000i\000l\000e\000d\000\040\000D\000e\000s\000c\000r\000i\000p\000t\000i\000o\000n}{section.3.2}% 13
\BOOKMARK [2][-]{subsection.3.2.2}{\376\377\000F\000i\000e\000l\000d\000\040\000D\000o\000c\000u\000m\000e\000n\000t\000a\000t\000i\000o\000n}{section.3.2}% 14
\BOOKMARK [3][-]{subsubsection.3.2.2.1}{\376\377\000x}{subsection.3.2.2}% 15
\BOOKMARK [3][-]{subsubsection.3.2.2.2}{\376\377\000y}{subsection.3.2.2}% 16
\BOOKMARK [1][-]{section.3.3}{\376\377\000D\000B\000S\000c\000a\000n\000\040\000C\000l\000a\000s\000s\000\040\000R\000e\000f\000e\000r\000e\000n\000c\000e}{chapter.3}% 17
\BOOKMARK [2][-]{subsection.3.3.1}{\376\377\000C\000o\000n\000s\000t\000r\000u\000c\000t\000o\000r\000\040\000\046\000\040\000D\000e\000s\000t\000r\000u\000c\000t\000o\000r\000\040\000D\000o\000c\000u\000m\000e\000n\000t\000a\000t\000i\000o\000n}{section.3.3}% 18
\BOOKMARK [3][-]{subsubsection.3.3.1.1}{\376\377\000D\000B\000S\000c\000a\000n}{subsection.3.3.1}% 19
\BOOKMARK [2][-]{subsection.3.3.2}{\376\377\000M\000e\000m\000b\000e\000r\000\040\000F\000u\000n\000c\000t\000i\000o\000n\000\040\000D\000o\000c\000u\000m\000e\000n\000t\000a\000t\000i\000o\000n}{section.3.3}% 20
\BOOKMARK [3][-]{subsubsection.3.3.2.1}{\376\377\000a\000l\000g\000D\000B\000S\000c\000a\000n\000P\000a\000r\000a\000l\000l\000e\000l}{subsection.3.3.2}% 21
\BOOKMARK [3][-]{subsubsection.3.3.2.2}{\376\377\000a\000l\000g\000D\000B\000S\000c\000a\000n\000P\000a\000r\000a\000l\000l\000e\000l\000R\000e\000u\000s\000e\000C\000l\000u\000s\000t\000e\000r\000R\000e\000s\000u\000l\000t\000s}{subsection.3.3.2}% 22
\BOOKMARK [3][-]{subsubsection.3.3.2.3}{\376\377\000a\000p\000p\000e\000n\000d\000M\000B\000B\000B\000y\000E\000p\000s\000i\000l\000o\000n}{subsection.3.3.2}% 23
\BOOKMARK [3][-]{subsubsection.3.3.2.4}{\376\377\000a\000s\000s\000i\000g\000n\000P\000o\000i\000n\000t\000s\000T\000o\000P\000r\000e\000d\000e\000f\000i\000n\000e\000d\000C\000l\000u\000s\000t\000e\000r}{subsection.3.3.2}% 24
\BOOKMARK [3][-]{subsubsection.3.3.2.5}{\376\377\000c\000o\000m\000p\000a\000r\000e\000d\000e\000n\000s\000i\000t\000y\000S\000t\000r\000u\000c\000t\000f\000n}{subsection.3.3.2}% 25
\BOOKMARK [3][-]{subsubsection.3.3.2.6}{\376\377\000c\000o\000p\000y\000V\000e\000c\000t}{subsection.3.3.2}% 26
\BOOKMARK [3][-]{subsubsection.3.3.2.7}{\376\377\000D\000B\000S\000c\000a\000n\000P\000a\000r\000a\000l\000l\000e\000l\000M\000P\000B\000S\000T\000U\000M\000P}{subsection.3.3.2}% 27
\BOOKMARK [3][-]{subsubsection.3.3.2.8}{\376\377\000E\000u\000c\000l\000i\000d\000i\000a\000n\000D\000i\000s\000t\000a\000n\000c\000e}{subsection.3.3.2}% 28
\BOOKMARK [3][-]{subsubsection.3.3.2.9}{\376\377\000f\000i\000l\000t\000e\000r\000C\000a\000n\000d\000i\000d\000a\000t\000e\000s\000M\000P\000B}{subsection.3.3.2}% 29
\BOOKMARK [3][-]{subsubsection.3.3.2.10}{\376\377\000g\000e\000n\000e\000r\000a\000t\000e\000M\000B\000B}{subsection.3.3.2}% 30
\BOOKMARK [3][-]{subsubsection.3.3.2.11}{\376\377\000g\000e\000n\000e\000r\000a\000t\000e\000M\000B\000B\000A\000r\000o\000u\000n\000d\000C\000l\000u\000s\000t\000e\000r}{subsection.3.3.2}% 31
\BOOKMARK [3][-]{subsubsection.3.3.2.12}{\376\377\000g\000e\000n\000e\000r\000a\000t\000e\000M\000B\000B\000N\000o\000r\000m\000a\000l}{subsection.3.3.2}% 32
\BOOKMARK [3][-]{subsubsection.3.3.2.13}{\376\377\000g\000e\000t\000D\000B\000S\000c\000a\000n\000N\000u\000m\000C\000l\000u\000s\000t\000e\000r\000s}{subsection.3.3.2}% 33
\BOOKMARK [3][-]{subsubsection.3.3.2.14}{\376\377\000g\000e\000t\000N\000e\000i\000g\000h\000b\000o\000u\000r\000s\000P\000a\000r\000a\000l\000l\000e\000l\000M\000P\000B}{subsection.3.3.2}% 34
\BOOKMARK [3][-]{subsubsection.3.3.2.15}{\376\377\000i\000n\000i\000t\000i\000a\000l\000i\000z\000e\000C\000l\000u\000s\000t\000e\000r\000I\000D\000s}{subsection.3.3.2}% 35
\BOOKMARK [3][-]{subsubsection.3.3.2.16}{\376\377\000i\000n\000i\000t\000i\000a\000l\000i\000z\000e\000V\000i\000s\000i\000t\000e\000d\000P\000o\000i\000n\000t\000s}{subsection.3.3.2}% 36
\BOOKMARK [3][-]{subsubsection.3.3.2.17}{\376\377\000s\000c\000h\000e\000d\000u\000l\000e\000S\000e\000l\000e\000c\000t\000o\000r}{subsection.3.3.2}% 37
\BOOKMARK [3][-]{subsubsection.3.3.2.18}{\376\377\000s\000e\000t\000C\000l\000u\000s\000t\000e\000r\000S\000c\000h\000e\000d\000u\000l\000e\000D\000e\000n\000s\000i\000t\000y}{subsection.3.3.2}% 38
\BOOKMARK [2][-]{subsection.3.3.3}{\376\377\000F\000i\000e\000l\000d\000\040\000D\000o\000c\000u\000m\000e\000n\000t\000a\000t\000i\000o\000n}{section.3.3}% 39
\BOOKMARK [3][-]{subsubsection.3.3.3.1}{\376\377\000c\000l\000u\000s\000t\000e\000r\000C\000n\000t}{subsection.3.3.3}% 40
\BOOKMARK [3][-]{subsubsection.3.3.3.2}{\376\377\000c\000l\000u\000s\000t\000e\000r\000I\000D\000s}{subsection.3.3.3}% 41
\BOOKMARK [3][-]{subsubsection.3.3.3.3}{\376\377\000d\000a\000t\000a\000P\000o\000i\000n\000t\000s}{subsection.3.3.3}% 42
\BOOKMARK [3][-]{subsubsection.3.3.3.4}{\376\377\000d\000i\000s\000t\000a\000n\000c\000e}{subsection.3.3.3}% 43
\BOOKMARK [3][-]{subsubsection.3.3.3.5}{\376\377\000i\000n\000s\000t\000a\000n\000c\000e\000V\000e\000c\000t}{subsection.3.3.3}% 44
\BOOKMARK [3][-]{subsubsection.3.3.3.6}{\376\377\000m\000i\000n\000P\000t\000s}{subsection.3.3.3}% 45
\BOOKMARK [3][-]{subsubsection.3.3.3.7}{\376\377\000n\000u\000m\000C\000l\000u\000s\000t\000e\000r\000s\000F\000o\000r\000S\000t\000a\000t\000s}{subsection.3.3.3}% 46
\BOOKMARK [3][-]{subsubsection.3.3.3.8}{\376\377\000p\000t\000r\000M\000P\000B\000l\000o\000o\000k\000u\000p}{subsection.3.3.3}% 47
\BOOKMARK [3][-]{subsubsection.3.3.3.9}{\376\377\000s\000e\000t\000I\000D\000s\000I\000n\000D\000i\000s\000t}{subsection.3.3.3}% 48
\BOOKMARK [3][-]{subsubsection.3.3.3.10}{\376\377\000t\000r\000e\000e}{subsection.3.3.3}% 49
\BOOKMARK [3][-]{subsubsection.3.3.3.11}{\376\377\000t\000r\000e\000e\000H\000i\000g\000h\000R\000e\000s\000o\000l\000u\000t\000i\000o\000n}{subsection.3.3.3}% 50
\BOOKMARK [3][-]{subsubsection.3.3.3.12}{\376\377\000v\000i\000s\000i\000t\000e\000d}{subsection.3.3.3}% 51
\BOOKMARK [1][-]{section.3.4}{\376\377\000d\000e\000n\000s\000i\000t\000y\000S\000t\000r\000u\000c\000t\000\040\000S\000t\000r\000u\000c\000t\000\040\000R\000e\000f\000e\000r\000e\000n\000c\000e}{chapter.3}% 52
\BOOKMARK [2][-]{subsection.3.4.1}{\376\377\000D\000e\000t\000a\000i\000l\000e\000d\000\040\000D\000e\000s\000c\000r\000i\000p\000t\000i\000o\000n}{section.3.4}% 53
\BOOKMARK [2][-]{subsection.3.4.2}{\376\377\000F\000i\000e\000l\000d\000\040\000D\000o\000c\000u\000m\000e\000n\000t\000a\000t\000i\000o\000n}{section.3.4}% 54
\BOOKMARK [3][-]{subsubsection.3.4.2.1}{\376\377\000c\000l\000u\000s\000t\000e\000r\000I\000D}{subsection.3.4.2}% 55
\BOOKMARK [3][-]{subsubsection.3.4.2.2}{\376\377\000d\000e\000n\000s\000i\000t\000y}{subsection.3.4.2}% 56
\BOOKMARK [1][-]{section.3.5}{\376\377\000e\000x\000p\000e\000r\000i\000m\000e\000n\000t\000\040\000S\000t\000r\000u\000c\000t\000\040\000R\000e\000f\000e\000r\000e\000n\000c\000e}{chapter.3}% 57
\BOOKMARK [2][-]{subsection.3.5.1}{\376\377\000D\000e\000t\000a\000i\000l\000e\000d\000\040\000D\000e\000s\000c\000r\000i\000p\000t\000i\000o\000n}{section.3.5}% 58
\BOOKMARK [2][-]{subsection.3.5.2}{\376\377\000F\000i\000e\000l\000d\000\040\000D\000o\000c\000u\000m\000e\000n\000t\000a\000t\000i\000o\000n}{section.3.5}% 59
\BOOKMARK [3][-]{subsubsection.3.5.2.1}{\376\377\000e\000p\000s\000i\000l\000o\000n}{subsection.3.5.2}% 60
\BOOKMARK [3][-]{subsubsection.3.5.2.2}{\376\377\000m\000i\000n\000p\000t\000s}{subsection.3.5.2}% 61
\BOOKMARK [3][-]{subsubsection.3.5.2.3}{\376\377\000v\000a\000r\000i\000a\000n\000t\000I\000D}{subsection.3.5.2}% 62
\BOOKMARK [1][-]{section.3.6}{\376\377\000R\000T\000r\000e\000e\000<\000\040\000D\000A\000T\000A\000T\000Y\000P\000E\000,\000\040\000E\000L\000E\000M\000T\000Y\000P\000E\000,\000\040\000N\000U\000M\000D\000I\000M\000S\000,\000\040\000E\000L\000E\000M\000T\000Y\000P\000E\000R\000E\000A\000L\000,\000\040\000T\000M\000A\000X\000N\000O\000D\000E\000S\000,\000\040\000T\000M\000I\000N\000N\000O\000D\000E\000S\000\040\000>\000:\000:\000I\000t\000e\000r\000a\000t\000o\000r\000\040\000C\000l\000a\000s\000s\000\040\000R\000e\000f\000e\000r\000e\000n\000c\000e}{chapter.3}% 63
\BOOKMARK [2][-]{subsection.3.6.1}{\376\377\000D\000e\000t\000a\000i\000l\000e\000d\000\040\000D\000e\000s\000c\000r\000i\000p\000t\000i\000o\000n}{section.3.6}% 64
\BOOKMARK [2][-]{subsection.3.6.2}{\376\377\000M\000e\000m\000b\000e\000r\000\040\000E\000n\000u\000m\000e\000r\000a\000t\000i\000o\000n\000\040\000D\000o\000c\000u\000m\000e\000n\000t\000a\000t\000i\000o\000n}{section.3.6}% 65
\BOOKMARK [3][-]{subsubsection.3.6.2.1}{\376\377\000a\000n\000o\000n\000y\000m\000o\000u\000s\000\040\000e\000n\000u\000m}{subsection.3.6.2}% 66
\BOOKMARK [2][-]{subsection.3.6.3}{\376\377\000C\000o\000n\000s\000t\000r\000u\000c\000t\000o\000r\000\040\000\046\000\040\000D\000e\000s\000t\000r\000u\000c\000t\000o\000r\000\040\000D\000o\000c\000u\000m\000e\000n\000t\000a\000t\000i\000o\000n}{section.3.6}% 67
\BOOKMARK [3][-]{subsubsection.3.6.3.1}{\376\377\000I\000t\000e\000r\000a\000t\000o\000r}{subsection.3.6.3}% 68
\BOOKMARK [3][-]{subsubsection.3.6.3.2}{\376\377\000I\000t\000e\000r\000a\000t\000o\000r}{subsection.3.6.3}% 69
\BOOKMARK [2][-]{subsection.3.6.4}{\376\377\000M\000e\000m\000b\000e\000r\000\040\000F\000u\000n\000c\000t\000i\000o\000n\000\040\000D\000o\000c\000u\000m\000e\000n\000t\000a\000t\000i\000o\000n}{section.3.6}% 70
\BOOKMARK [3][-]{subsubsection.3.6.4.1}{\376\377\000F\000i\000n\000d\000N\000e\000x\000t\000D\000a\000t\000a}{subsection.3.6.4}% 71
\BOOKMARK [3][-]{subsubsection.3.6.4.2}{\376\377\000G\000e\000t\000B\000o\000u\000n\000d\000s}{subsection.3.6.4}% 72
\BOOKMARK [3][-]{subsubsection.3.6.4.3}{\376\377\000G\000e\000t\000D\000a\000t\000a}{subsection.3.6.4}% 73
\BOOKMARK [3][-]{subsubsection.3.6.4.4}{\376\377\000I\000n\000i\000t}{subsection.3.6.4}% 74
\BOOKMARK [3][-]{subsubsection.3.6.4.5}{\376\377\000I\000s\000N\000o\000t\000N\000u\000l\000l}{subsection.3.6.4}% 75
\BOOKMARK [3][-]{subsubsection.3.6.4.6}{\376\377\000I\000s\000N\000u\000l\000l}{subsection.3.6.4}% 76
\BOOKMARK [3][-]{subsubsection.3.6.4.7}{\376\377\000o\000p\000e\000r\000a\000t\000o\000r}{subsection.3.6.4}% 77
\BOOKMARK [3][-]{subsubsection.3.6.4.8}{\376\377\000o\000p\000e\000r\000a\000t\000o\000r}{subsection.3.6.4}% 78
\BOOKMARK [3][-]{subsubsection.3.6.4.9}{\376\377\000o\000p\000e\000r\000a\000t\000o\000r\000+\000+}{subsection.3.6.4}% 79
\BOOKMARK [3][-]{subsubsection.3.6.4.10}{\376\377\000P\000o\000p}{subsection.3.6.4}% 80
\BOOKMARK [3][-]{subsubsection.3.6.4.11}{\376\377\000P\000u\000s\000h}{subsection.3.6.4}% 81
\BOOKMARK [2][-]{subsection.3.6.5}{\376\377\000F\000r\000i\000e\000n\000d\000s\000\040\000A\000n\000d\000\040\000R\000e\000l\000a\000t\000e\000d\000\040\000F\000u\000n\000c\000t\000i\000o\000n\000\040\000D\000o\000c\000u\000m\000e\000n\000t\000a\000t\000i\000o\000n}{section.3.6}% 82
\BOOKMARK [3][-]{subsubsection.3.6.5.1}{\376\377\000R\000T\000r\000e\000e}{subsection.3.6.5}% 83
\BOOKMARK [2][-]{subsection.3.6.6}{\376\377\000F\000i\000e\000l\000d\000\040\000D\000o\000c\000u\000m\000e\000n\000t\000a\000t\000i\000o\000n}{section.3.6}% 84
\BOOKMARK [3][-]{subsubsection.3.6.6.1}{\376\377\000m\000\137\000s\000t\000a\000c\000k}{subsection.3.6.6}% 85
\BOOKMARK [3][-]{subsubsection.3.6.6.2}{\376\377\000m\000\137\000t\000o\000s}{subsection.3.6.6}% 86
\BOOKMARK [1][-]{section.3.7}{\376\377\000R\000T\000r\000e\000e\000<\000\040\000D\000A\000T\000A\000T\000Y\000P\000E\000,\000\040\000E\000L\000E\000M\000T\000Y\000P\000E\000,\000\040\000N\000U\000M\000D\000I\000M\000S\000,\000\040\000E\000L\000E\000M\000T\000Y\000P\000E\000R\000E\000A\000L\000,\000\040\000T\000M\000A\000X\000N\000O\000D\000E\000S\000,\000\040\000T\000M\000I\000N\000N\000O\000D\000E\000S\000\040\000>\000:\000:\000L\000i\000s\000t\000N\000o\000d\000e\000\040\000S\000t\000r\000u\000c\000t\000\040\000R\000e\000f\000e\000r\000e\000n\000c\000e}{chapter.3}% 87
\BOOKMARK [2][-]{subsection.3.7.1}{\376\377\000D\000e\000t\000a\000i\000l\000e\000d\000\040\000D\000e\000s\000c\000r\000i\000p\000t\000i\000o\000n}{section.3.7}% 88
\BOOKMARK [2][-]{subsection.3.7.2}{\376\377\000F\000i\000e\000l\000d\000\040\000D\000o\000c\000u\000m\000e\000n\000t\000a\000t\000i\000o\000n}{section.3.7}% 89
\BOOKMARK [3][-]{subsubsection.3.7.2.1}{\376\377\000m\000\137\000n\000e\000x\000t}{subsection.3.7.2}% 90
\BOOKMARK [3][-]{subsubsection.3.7.2.2}{\376\377\000m\000\137\000n\000o\000d\000e}{subsection.3.7.2}% 91
\BOOKMARK [1][-]{section.3.8}{\376\377\000M\000P\000B\000R\000e\000c\000t\000\040\000S\000t\000r\000u\000c\000t\000\040\000R\000e\000f\000e\000r\000e\000n\000c\000e}{chapter.3}% 92
\BOOKMARK [2][-]{subsection.3.8.1}{\376\377\000D\000e\000t\000a\000i\000l\000e\000d\000\040\000D\000e\000s\000c\000r\000i\000p\000t\000i\000o\000n}{section.3.8}% 93
\BOOKMARK [2][-]{subsection.3.8.2}{\376\377\000M\000e\000m\000b\000e\000r\000\040\000F\000u\000n\000c\000t\000i\000o\000n\000\040\000D\000o\000c\000u\000m\000e\000n\000t\000a\000t\000i\000o\000n}{section.3.8}% 94
\BOOKMARK [3][-]{subsubsection.3.8.2.1}{\376\377\000C\000r\000e\000a\000t\000e\000M\000B\000B}{subsection.3.8.2}% 95
\BOOKMARK [2][-]{subsection.3.8.3}{\376\377\000F\000i\000e\000l\000d\000\040\000D\000o\000c\000u\000m\000e\000n\000t\000a\000t\000i\000o\000n}{section.3.8}% 96
\BOOKMARK [3][-]{subsubsection.3.8.3.1}{\376\377\000M\000B\000B\000\137\000m\000a\000x}{subsection.3.8.3}% 97
\BOOKMARK [3][-]{subsubsection.3.8.3.2}{\376\377\000M\000B\000B\000\137\000m\000i\000n}{subsection.3.8.3}% 98
\BOOKMARK [3][-]{subsubsection.3.8.3.3}{\376\377\000p\000i\000d}{subsection.3.8.3}% 99
\BOOKMARK [1][-]{section.3.9}{\376\377\000R\000T\000r\000e\000e\000<\000\040\000D\000A\000T\000A\000T\000Y\000P\000E\000,\000\040\000E\000L\000E\000M\000T\000Y\000P\000E\000,\000\040\000N\000U\000M\000D\000I\000M\000S\000,\000\040\000E\000L\000E\000M\000T\000Y\000P\000E\000R\000E\000A\000L\000,\000\040\000T\000M\000A\000X\000N\000O\000D\000E\000S\000,\000\040\000T\000M\000I\000N\000N\000O\000D\000E\000S\000\040\000>\000:\000:\000N\000o\000d\000e\000\040\000S\000t\000r\000u\000c\000t\000\040\000R\000e\000f\000e\000r\000e\000n\000c\000e}{chapter.3}% 100
\BOOKMARK [2][-]{subsection.3.9.1}{\376\377\000D\000e\000t\000a\000i\000l\000e\000d\000\040\000D\000e\000s\000c\000r\000i\000p\000t\000i\000o\000n}{section.3.9}% 101
\BOOKMARK [2][-]{subsection.3.9.2}{\376\377\000M\000e\000m\000b\000e\000r\000\040\000F\000u\000n\000c\000t\000i\000o\000n\000\040\000D\000o\000c\000u\000m\000e\000n\000t\000a\000t\000i\000o\000n}{section.3.9}% 102
\BOOKMARK [3][-]{subsubsection.3.9.2.1}{\376\377\000I\000s\000I\000n\000t\000e\000r\000n\000a\000l\000N\000o\000d\000e}{subsection.3.9.2}% 103
\BOOKMARK [3][-]{subsubsection.3.9.2.2}{\376\377\000I\000s\000L\000e\000a\000f}{subsection.3.9.2}% 104
\BOOKMARK [2][-]{subsection.3.9.3}{\376\377\000F\000i\000e\000l\000d\000\040\000D\000o\000c\000u\000m\000e\000n\000t\000a\000t\000i\000o\000n}{section.3.9}% 105
\BOOKMARK [3][-]{subsubsection.3.9.3.1}{\376\377\000m\000\137\000b\000r\000a\000n\000c\000h}{subsection.3.9.3}% 106
\BOOKMARK [3][-]{subsubsection.3.9.3.2}{\376\377\000m\000\137\000c\000o\000u\000n\000t}{subsection.3.9.3}% 107
\BOOKMARK [3][-]{subsubsection.3.9.3.3}{\376\377\000m\000\137\000l\000e\000v\000e\000l}{subsection.3.9.3}% 108
\BOOKMARK [1][-]{section.3.10}{\376\377\000R\000T\000r\000e\000e\000<\000\040\000D\000A\000T\000A\000T\000Y\000P\000E\000,\000\040\000E\000L\000E\000M\000T\000Y\000P\000E\000,\000\040\000N\000U\000M\000D\000I\000M\000S\000,\000\040\000E\000L\000E\000M\000T\000Y\000P\000E\000R\000E\000A\000L\000,\000\040\000T\000M\000A\000X\000N\000O\000D\000E\000S\000,\000\040\000T\000M\000I\000N\000N\000O\000D\000E\000S\000\040\000>\000:\000:\000P\000a\000r\000t\000i\000t\000i\000o\000n\000V\000a\000r\000s\000\040\000S\000t\000r\000u\000c\000t\000\040\000R\000e\000f\000e\000r\000e\000n\000c\000e}{chapter.3}% 109
\BOOKMARK [2][-]{subsection.3.10.1}{\376\377\000D\000e\000t\000a\000i\000l\000e\000d\000\040\000D\000e\000s\000c\000r\000i\000p\000t\000i\000o\000n}{section.3.10}% 110
\BOOKMARK [2][-]{subsection.3.10.2}{\376\377\000M\000e\000m\000b\000e\000r\000\040\000E\000n\000u\000m\000e\000r\000a\000t\000i\000o\000n\000\040\000D\000o\000c\000u\000m\000e\000n\000t\000a\000t\000i\000o\000n}{section.3.10}% 111
\BOOKMARK [3][-]{subsubsection.3.10.2.1}{\376\377\000a\000n\000o\000n\000y\000m\000o\000u\000s\000\040\000e\000n\000u\000m}{subsection.3.10.2}% 112
\BOOKMARK [2][-]{subsection.3.10.3}{\376\377\000F\000i\000e\000l\000d\000\040\000D\000o\000c\000u\000m\000e\000n\000t\000a\000t\000i\000o\000n}{section.3.10}% 113
\BOOKMARK [3][-]{subsubsection.3.10.3.1}{\376\377\000m\000\137\000a\000r\000e\000a}{subsection.3.10.3}% 114
\BOOKMARK [3][-]{subsubsection.3.10.3.2}{\376\377\000m\000\137\000b\000r\000a\000n\000c\000h\000B\000u\000f}{subsection.3.10.3}% 115
\BOOKMARK [3][-]{subsubsection.3.10.3.3}{\376\377\000m\000\137\000b\000r\000a\000n\000c\000h\000C\000o\000u\000n\000t}{subsection.3.10.3}% 116
\BOOKMARK [3][-]{subsubsection.3.10.3.4}{\376\377\000m\000\137\000c\000o\000u\000n\000t}{subsection.3.10.3}% 117
\BOOKMARK [3][-]{subsubsection.3.10.3.5}{\376\377\000m\000\137\000c\000o\000v\000e\000r}{subsection.3.10.3}% 118
\BOOKMARK [3][-]{subsubsection.3.10.3.6}{\376\377\000m\000\137\000c\000o\000v\000e\000r\000S\000p\000l\000i\000t}{subsection.3.10.3}% 119
\BOOKMARK [3][-]{subsubsection.3.10.3.7}{\376\377\000m\000\137\000c\000o\000v\000e\000r\000S\000p\000l\000i\000t\000A\000r\000e\000a}{subsection.3.10.3}% 120
\BOOKMARK [3][-]{subsubsection.3.10.3.8}{\376\377\000m\000\137\000m\000i\000n\000F\000i\000l\000l}{subsection.3.10.3}% 121
\BOOKMARK [3][-]{subsubsection.3.10.3.9}{\376\377\000m\000\137\000p\000a\000r\000t\000i\000t\000i\000o\000n}{subsection.3.10.3}% 122
\BOOKMARK [3][-]{subsubsection.3.10.3.10}{\376\377\000m\000\137\000t\000o\000t\000a\000l}{subsection.3.10.3}% 123
\BOOKMARK [1][-]{section.3.11}{\376\377\000Q\000u\000e\000r\000y\000R\000e\000c\000t\000\040\000S\000t\000r\000u\000c\000t\000\040\000R\000e\000f\000e\000r\000e\000n\000c\000e}{chapter.3}% 124
\BOOKMARK [2][-]{subsection.3.11.1}{\376\377\000D\000e\000t\000a\000i\000l\000e\000d\000\040\000D\000e\000s\000c\000r\000i\000p\000t\000i\000o\000n}{section.3.11}% 125
\BOOKMARK [2][-]{subsection.3.11.2}{\376\377\000C\000o\000n\000s\000t\000r\000u\000c\000t\000o\000r\000\040\000\046\000\040\000D\000e\000s\000t\000r\000u\000c\000t\000o\000r\000\040\000D\000o\000c\000u\000m\000e\000n\000t\000a\000t\000i\000o\000n}{section.3.11}% 126
\BOOKMARK [3][-]{subsubsection.3.11.2.1}{\376\377\000Q\000u\000e\000r\000y\000R\000e\000c\000t}{subsection.3.11.2}% 127
\BOOKMARK [2][-]{subsection.3.11.3}{\376\377\000M\000e\000m\000b\000e\000r\000\040\000F\000u\000n\000c\000t\000i\000o\000n\000\040\000D\000o\000c\000u\000m\000e\000n\000t\000a\000t\000i\000o\000n}{section.3.11}% 128
\BOOKMARK [3][-]{subsubsection.3.11.3.1}{\376\377\000C\000r\000e\000a\000t\000e\000M\000B\000B}{subsection.3.11.3}% 129
\BOOKMARK [2][-]{subsection.3.11.4}{\376\377\000F\000i\000e\000l\000d\000\040\000D\000o\000c\000u\000m\000e\000n\000t\000a\000t\000i\000o\000n}{section.3.11}% 130
\BOOKMARK [3][-]{subsubsection.3.11.4.1}{\376\377\000M\000B\000B\000\137\000m\000a\000x}{subsection.3.11.4}% 131
\BOOKMARK [3][-]{subsubsection.3.11.4.2}{\376\377\000M\000B\000B\000\137\000m\000i\000n}{subsection.3.11.4}% 132
\BOOKMARK [3][-]{subsubsection.3.11.4.3}{\376\377\000P\0001}{subsection.3.11.4}% 133
\BOOKMARK [3][-]{subsubsection.3.11.4.4}{\376\377\000P\0002}{subsection.3.11.4}% 134
\BOOKMARK [1][-]{section.3.12}{\376\377\000R\000T\000r\000e\000e\000<\000\040\000D\000A\000T\000A\000T\000Y\000P\000E\000,\000\040\000E\000L\000E\000M\000T\000Y\000P\000E\000,\000\040\000N\000U\000M\000D\000I\000M\000S\000,\000\040\000E\000L\000E\000M\000T\000Y\000P\000E\000R\000E\000A\000L\000,\000\040\000T\000M\000A\000X\000N\000O\000D\000E\000S\000,\000\040\000T\000M\000I\000N\000N\000O\000D\000E\000S\000\040\000>\000:\000:\000R\000e\000c\000t\000\040\000S\000t\000r\000u\000c\000t\000\040\000R\000e\000f\000e\000r\000e\000n\000c\000e}{chapter.3}% 135
\BOOKMARK [2][-]{subsection.3.12.1}{\376\377\000D\000e\000t\000a\000i\000l\000e\000d\000\040\000D\000e\000s\000c\000r\000i\000p\000t\000i\000o\000n}{section.3.12}% 136
\BOOKMARK [2][-]{subsection.3.12.2}{\376\377\000F\000i\000e\000l\000d\000\040\000D\000o\000c\000u\000m\000e\000n\000t\000a\000t\000i\000o\000n}{section.3.12}% 137
\BOOKMARK [3][-]{subsubsection.3.12.2.1}{\376\377\000m\000\137\000m\000a\000x}{subsection.3.12.2}% 138
\BOOKMARK [3][-]{subsubsection.3.12.2.2}{\376\377\000m\000\137\000m\000i\000n}{subsection.3.12.2}% 139
\BOOKMARK [3][-]{subsubsection.3.12.2.3}{\376\377\000m\000\137\000s\000e\000g\000m\000e\000n\000t\000\137\000i\000d}{subsection.3.12.2}% 140
\BOOKMARK [3][-]{subsubsection.3.12.2.4}{\376\377\000m\000\137\000t\000r\000a\000j\000\137\000i\000d}{subsection.3.12.2}% 141
\BOOKMARK [1][-]{section.3.13}{\376\377\000R\000e\000c\000t\000\040\000S\000t\000r\000u\000c\000t\000\040\000R\000e\000f\000e\000r\000e\000n\000c\000e}{chapter.3}% 142
\BOOKMARK [2][-]{subsection.3.13.1}{\376\377\000D\000e\000t\000a\000i\000l\000e\000d\000\040\000D\000e\000s\000c\000r\000i\000p\000t\000i\000o\000n}{section.3.13}% 143
\BOOKMARK [2][-]{subsection.3.13.2}{\376\377\000C\000o\000n\000s\000t\000r\000u\000c\000t\000o\000r\000\040\000\046\000\040\000D\000e\000s\000t\000r\000u\000c\000t\000o\000r\000\040\000D\000o\000c\000u\000m\000e\000n\000t\000a\000t\000i\000o\000n}{section.3.13}% 144
\BOOKMARK [3][-]{subsubsection.3.13.2.1}{\376\377\000R\000e\000c\000t}{subsection.3.13.2}% 145
\BOOKMARK [2][-]{subsection.3.13.3}{\376\377\000M\000e\000m\000b\000e\000r\000\040\000F\000u\000n\000c\000t\000i\000o\000n\000\040\000D\000o\000c\000u\000m\000e\000n\000t\000a\000t\000i\000o\000n}{section.3.13}% 146
\BOOKMARK [3][-]{subsubsection.3.13.3.1}{\376\377\000C\000r\000e\000a\000t\000e\000M\000B\000B}{subsection.3.13.3}% 147
\BOOKMARK [2][-]{subsection.3.13.4}{\376\377\000F\000i\000e\000l\000d\000\040\000D\000o\000c\000u\000m\000e\000n\000t\000a\000t\000i\000o\000n}{section.3.13}% 148
\BOOKMARK [3][-]{subsubsection.3.13.4.1}{\376\377\000M\000B\000B\000\137\000m\000a\000x}{subsection.3.13.4}% 149
\BOOKMARK [3][-]{subsubsection.3.13.4.2}{\376\377\000M\000B\000B\000\137\000m\000i\000n}{subsection.3.13.4}% 150
\BOOKMARK [3][-]{subsubsection.3.13.4.3}{\376\377\000P\0001}{subsection.3.13.4}% 151
\BOOKMARK [3][-]{subsubsection.3.13.4.4}{\376\377\000p\000i\000d}{subsection.3.13.4}% 152
\BOOKMARK [1][-]{section.3.14}{\376\377\000R\000T\000F\000i\000l\000e\000S\000t\000r\000e\000a\000m\000\040\000C\000l\000a\000s\000s\000\040\000R\000e\000f\000e\000r\000e\000n\000c\000e}{chapter.3}% 153
\BOOKMARK [2][-]{subsection.3.14.1}{\376\377\000C\000o\000n\000s\000t\000r\000u\000c\000t\000o\000r\000\040\000\046\000\040\000D\000e\000s\000t\000r\000u\000c\000t\000o\000r\000\040\000D\000o\000c\000u\000m\000e\000n\000t\000a\000t\000i\000o\000n}{section.3.14}% 154
\BOOKMARK [3][-]{subsubsection.3.14.1.1}{\376\377\000R\000T\000F\000i\000l\000e\000S\000t\000r\000e\000a\000m}{subsection.3.14.1}% 155
\BOOKMARK [3][-]{subsubsection.3.14.1.2}{\376\377\000R\000T\000F\000i\000l\000e\000S\000t\000r\000e\000a\000m}{subsection.3.14.1}% 156
\BOOKMARK [2][-]{subsection.3.14.2}{\376\377\000M\000e\000m\000b\000e\000r\000\040\000F\000u\000n\000c\000t\000i\000o\000n\000\040\000D\000o\000c\000u\000m\000e\000n\000t\000a\000t\000i\000o\000n}{section.3.14}% 157
\BOOKMARK [3][-]{subsubsection.3.14.2.1}{\376\377\000C\000l\000o\000s\000e}{subsection.3.14.2}% 158
\BOOKMARK [3][-]{subsubsection.3.14.2.2}{\376\377\000O\000p\000e\000n\000R\000e\000a\000d}{subsection.3.14.2}% 159
\BOOKMARK [3][-]{subsubsection.3.14.2.3}{\376\377\000O\000p\000e\000n\000W\000r\000i\000t\000e}{subsection.3.14.2}% 160
\BOOKMARK [3][-]{subsubsection.3.14.2.4}{\376\377\000R\000e\000a\000d}{subsection.3.14.2}% 161
\BOOKMARK [3][-]{subsubsection.3.14.2.5}{\376\377\000R\000e\000a\000d\000A\000r\000r\000a\000y}{subsection.3.14.2}% 162
\BOOKMARK [3][-]{subsubsection.3.14.2.6}{\376\377\000W\000r\000i\000t\000e}{subsection.3.14.2}% 163
\BOOKMARK [3][-]{subsubsection.3.14.2.7}{\376\377\000W\000r\000i\000t\000e\000A\000r\000r\000a\000y}{subsection.3.14.2}% 164
\BOOKMARK [2][-]{subsection.3.14.3}{\376\377\000F\000i\000e\000l\000d\000\040\000D\000o\000c\000u\000m\000e\000n\000t\000a\000t\000i\000o\000n}{section.3.14}% 165
\BOOKMARK [3][-]{subsubsection.3.14.3.1}{\376\377\000m\000\137\000f\000i\000l\000e}{subsection.3.14.3}% 166
\BOOKMARK [1][-]{section.3.15}{\376\377\000R\000T\000r\000e\000e\000<\000\040\000D\000A\000T\000A\000T\000Y\000P\000E\000,\000\040\000E\000L\000E\000M\000T\000Y\000P\000E\000,\000\040\000N\000U\000M\000D\000I\000M\000S\000,\000\040\000E\000L\000E\000M\000T\000Y\000P\000E\000R\000E\000A\000L\000,\000\040\000T\000M\000A\000X\000N\000O\000D\000E\000S\000,\000\040\000T\000M\000I\000N\000N\000O\000D\000E\000S\000\040\000>\000\040\000C\000l\000a\000s\000s\000\040\000T\000e\000m\000p\000l\000a\000t\000e\000\040\000R\000e\000f\000e\000r\000e\000n\000c\000e}{chapter.3}% 167
\BOOKMARK [2][-]{subsection.3.15.1}{\376\377\000D\000e\000t\000a\000i\000l\000e\000d\000\040\000D\000e\000s\000c\000r\000i\000p\000t\000i\000o\000n}{section.3.15}% 168
\BOOKMARK [2][-]{subsection.3.15.2}{\376\377\000M\000e\000m\000b\000e\000r\000\040\000T\000y\000p\000e\000d\000e\000f\000\040\000D\000o\000c\000u\000m\000e\000n\000t\000a\000t\000i\000o\000n}{section.3.15}% 169
\BOOKMARK [3][-]{subsubsection.3.15.2.1}{\376\377\000t\000\137\000r\000e\000s\000u\000l\000t\000C\000a\000l\000l\000b\000a\000c\000k}{subsection.3.15.2}% 170
\BOOKMARK [2][-]{subsection.3.15.3}{\376\377\000M\000e\000m\000b\000e\000r\000\040\000E\000n\000u\000m\000e\000r\000a\000t\000i\000o\000n\000\040\000D\000o\000c\000u\000m\000e\000n\000t\000a\000t\000i\000o\000n}{section.3.15}% 171
\BOOKMARK [3][-]{subsubsection.3.15.3.1}{\376\377\000a\000n\000o\000n\000y\000m\000o\000u\000s\000\040\000e\000n\000u\000m}{subsection.3.15.3}% 172
\BOOKMARK [2][-]{subsection.3.15.4}{\376\377\000C\000o\000n\000s\000t\000r\000u\000c\000t\000o\000r\000\040\000\046\000\040\000D\000e\000s\000t\000r\000u\000c\000t\000o\000r\000\040\000D\000o\000c\000u\000m\000e\000n\000t\000a\000t\000i\000o\000n}{section.3.15}% 173
\BOOKMARK [3][-]{subsubsection.3.15.4.1}{\376\377\000R\000T\000r\000e\000e}{subsection.3.15.4}% 174
\BOOKMARK [3][-]{subsubsection.3.15.4.2}{\376\377\000R\000T\000r\000e\000e}{subsection.3.15.4}% 175
\BOOKMARK [2][-]{subsection.3.15.5}{\376\377\000M\000e\000m\000b\000e\000r\000\040\000F\000u\000n\000c\000t\000i\000o\000n\000\040\000D\000o\000c\000u\000m\000e\000n\000t\000a\000t\000i\000o\000n}{section.3.15}% 176
\BOOKMARK [3][-]{subsubsection.3.15.5.1}{\376\377\000A\000d\000d\000B\000r\000a\000n\000c\000h}{subsection.3.15.5}% 177
\BOOKMARK [3][-]{subsubsection.3.15.5.2}{\376\377\000A\000l\000l\000o\000c\000L\000i\000s\000t\000N\000o\000d\000e}{subsection.3.15.5}% 178
\BOOKMARK [3][-]{subsubsection.3.15.5.3}{\376\377\000A\000l\000l\000o\000c\000N\000o\000d\000e}{subsection.3.15.5}% 179
\BOOKMARK [3][-]{subsubsection.3.15.5.4}{\376\377\000C\000a\000l\000c\000R\000e\000c\000t\000V\000o\000l\000u\000m\000e}{subsection.3.15.5}% 180
\BOOKMARK [3][-]{subsubsection.3.15.5.5}{\376\377\000C\000h\000o\000o\000s\000e\000P\000a\000r\000t\000i\000t\000i\000o\000n}{subsection.3.15.5}% 181
\BOOKMARK [3][-]{subsubsection.3.15.5.6}{\376\377\000C\000l\000a\000s\000s\000i\000f\000y}{subsection.3.15.5}% 182
\BOOKMARK [3][-]{subsubsection.3.15.5.7}{\376\377\000C\000o\000m\000b\000i\000n\000e\000R\000e\000c\000t}{subsection.3.15.5}% 183
\BOOKMARK [3][-]{subsubsection.3.15.5.8}{\376\377\000C\000o\000u\000n\000t}{subsection.3.15.5}% 184
\BOOKMARK [3][-]{subsubsection.3.15.5.9}{\376\377\000C\000o\000u\000n\000t\000R\000e\000c}{subsection.3.15.5}% 185
\BOOKMARK [3][-]{subsubsection.3.15.5.10}{\376\377\000D\000i\000s\000c\000o\000n\000n\000e\000c\000t\000B\000r\000a\000n\000c\000h}{subsection.3.15.5}% 186
\BOOKMARK [3][-]{subsubsection.3.15.5.11}{\376\377\000F\000r\000e\000e\000L\000i\000s\000t\000N\000o\000d\000e}{subsection.3.15.5}% 187
\BOOKMARK [3][-]{subsubsection.3.15.5.12}{\376\377\000F\000r\000e\000e\000N\000o\000d\000e}{subsection.3.15.5}% 188
\BOOKMARK [3][-]{subsubsection.3.15.5.13}{\376\377\000G\000e\000t\000A\000t}{subsection.3.15.5}% 189
\BOOKMARK [3][-]{subsubsection.3.15.5.14}{\376\377\000G\000e\000t\000B\000r\000a\000n\000c\000h\000e\000s}{subsection.3.15.5}% 190
\BOOKMARK [3][-]{subsubsection.3.15.5.15}{\376\377\000G\000e\000t\000F\000i\000r\000s\000t}{subsection.3.15.5}% 191
\BOOKMARK [3][-]{subsubsection.3.15.5.16}{\376\377\000G\000e\000t\000N\000e\000x\000t}{subsection.3.15.5}% 192
\BOOKMARK [3][-]{subsubsection.3.15.5.17}{\376\377\000I\000n\000i\000t\000N\000o\000d\000e}{subsection.3.15.5}% 193
\BOOKMARK [3][-]{subsubsection.3.15.5.18}{\376\377\000I\000n\000i\000t\000P\000a\000r\000V\000a\000r\000s}{subsection.3.15.5}% 194
\BOOKMARK [3][-]{subsubsection.3.15.5.19}{\376\377\000I\000n\000i\000t\000R\000e\000c\000t}{subsection.3.15.5}% 195
\BOOKMARK [3][-]{subsubsection.3.15.5.20}{\376\377\000I\000n\000s\000e\000r\000t}{subsection.3.15.5}% 196
\BOOKMARK [3][-]{subsubsection.3.15.5.21}{\376\377\000I\000n\000s\000e\000r\000t\000R\000e\000c\000t}{subsection.3.15.5}% 197
\BOOKMARK [3][-]{subsubsection.3.15.5.22}{\376\377\000I\000n\000s\000e\000r\000t\000R\000e\000c\000t\000R\000e\000c}{subsection.3.15.5}% 198
\BOOKMARK [3][-]{subsubsection.3.15.5.23}{\376\377\000I\000s\000N\000u\000l\000l}{subsection.3.15.5}% 199
\BOOKMARK [3][-]{subsubsection.3.15.5.24}{\376\377\000L\000o\000a\000d}{subsection.3.15.5}% 200
\BOOKMARK [3][-]{subsubsection.3.15.5.25}{\376\377\000L\000o\000a\000d}{subsection.3.15.5}% 201
\BOOKMARK [3][-]{subsubsection.3.15.5.26}{\376\377\000L\000o\000a\000d\000N\000o\000d\000e\000s}{subsection.3.15.5}% 202
\BOOKMARK [3][-]{subsubsection.3.15.5.27}{\376\377\000L\000o\000a\000d\000R\000e\000c}{subsection.3.15.5}% 203
\BOOKMARK [3][-]{subsubsection.3.15.5.28}{\376\377\000N\000o\000d\000e\000C\000o\000v\000e\000r}{subsection.3.15.5}% 204
\BOOKMARK [3][-]{subsubsection.3.15.5.29}{\376\377\000O\000v\000e\000r\000l\000a\000p}{subsection.3.15.5}% 205
\BOOKMARK [3][-]{subsubsection.3.15.5.30}{\376\377\000P\000i\000c\000k\000B\000r\000a\000n\000c\000h}{subsection.3.15.5}% 206
\BOOKMARK [3][-]{subsubsection.3.15.5.31}{\376\377\000P\000i\000c\000k\000S\000e\000e\000d\000s}{subsection.3.15.5}% 207
\BOOKMARK [3][-]{subsubsection.3.15.5.32}{\376\377\000R\000e\000c\000t\000S\000p\000h\000e\000r\000i\000c\000a\000l\000V\000o\000l\000u\000m\000e}{subsection.3.15.5}% 208
\BOOKMARK [3][-]{subsubsection.3.15.5.33}{\376\377\000R\000e\000c\000t\000V\000o\000l\000u\000m\000e}{subsection.3.15.5}% 209
\BOOKMARK [3][-]{subsubsection.3.15.5.34}{\376\377\000R\000e\000I\000n\000s\000e\000r\000t}{subsection.3.15.5}% 210
\BOOKMARK [3][-]{subsubsection.3.15.5.35}{\376\377\000R\000e\000m\000o\000v\000e}{subsection.3.15.5}% 211
\BOOKMARK [3][-]{subsubsection.3.15.5.36}{\376\377\000R\000e\000m\000o\000v\000e\000A\000l\000l}{subsection.3.15.5}% 212
\BOOKMARK [3][-]{subsubsection.3.15.5.37}{\376\377\000R\000e\000m\000o\000v\000e\000A\000l\000l\000R\000e\000c}{subsection.3.15.5}% 213
\BOOKMARK [3][-]{subsubsection.3.15.5.38}{\376\377\000R\000e\000m\000o\000v\000e\000R\000e\000c\000t}{subsection.3.15.5}% 214
\BOOKMARK [3][-]{subsubsection.3.15.5.39}{\376\377\000R\000e\000m\000o\000v\000e\000R\000e\000c\000t\000R\000e\000c}{subsection.3.15.5}% 215
\BOOKMARK [3][-]{subsubsection.3.15.5.40}{\376\377\000R\000e\000s\000e\000t}{subsection.3.15.5}% 216
\BOOKMARK [3][-]{subsubsection.3.15.5.41}{\376\377\000S\000a\000v\000e}{subsection.3.15.5}% 217
\BOOKMARK [3][-]{subsubsection.3.15.5.42}{\376\377\000S\000a\000v\000e}{subsection.3.15.5}% 218
\BOOKMARK [3][-]{subsubsection.3.15.5.43}{\376\377\000S\000a\000v\000e\000R\000e\000c}{subsection.3.15.5}% 219
\BOOKMARK [3][-]{subsubsection.3.15.5.44}{\376\377\000S\000e\000a\000r\000c\000h}{subsection.3.15.5}% 220
\BOOKMARK [3][-]{subsubsection.3.15.5.45}{\376\377\000S\000e\000a\000r\000c\000h}{subsection.3.15.5}% 221
\BOOKMARK [3][-]{subsubsection.3.15.5.46}{\376\377\000S\000p\000l\000i\000t\000N\000o\000d\000e}{subsection.3.15.5}% 222
\BOOKMARK [2][-]{subsection.3.15.6}{\376\377\000F\000i\000e\000l\000d\000\040\000D\000o\000c\000u\000m\000e\000n\000t\000a\000t\000i\000o\000n}{section.3.15}% 223
\BOOKMARK [3][-]{subsubsection.3.15.6.1}{\376\377\000m\000\137\000r\000o\000o\000t}{subsection.3.15.6}% 224
\BOOKMARK [3][-]{subsubsection.3.15.6.2}{\376\377\000m\000\137\000u\000n\000i\000t\000S\000p\000h\000e\000r\000e\000V\000o\000l\000u\000m\000e}{subsection.3.15.6}% 225
\BOOKMARK [1][-]{section.3.16}{\376\377\000s\000c\000h\000e\000d\000I\000n\000f\000o\000\040\000S\000t\000r\000u\000c\000t\000\040\000R\000e\000f\000e\000r\000e\000n\000c\000e}{chapter.3}% 226
\BOOKMARK [2][-]{subsection.3.16.1}{\376\377\000F\000i\000e\000l\000d\000\040\000D\000o\000c\000u\000m\000e\000n\000t\000a\000t\000i\000o\000n}{section.3.16}% 227
\BOOKMARK [3][-]{subsubsection.3.16.1.1}{\376\377\000c\000l\000u\000s\000t\000e\000r\000S\000c\000r\000a\000t\000c\000h}{subsection.3.16.1}% 228
\BOOKMARK [3][-]{subsubsection.3.16.1.2}{\376\377\000s\000t\000a\000t\000u\000s}{subsection.3.16.1}% 229
\BOOKMARK [1][-]{section.3.17}{\376\377\000S\000c\000h\000e\000d\000u\000l\000e\000\040\000C\000l\000a\000s\000s\000\040\000R\000e\000f\000e\000r\000e\000n\000c\000e}{chapter.3}% 230
\BOOKMARK [2][-]{subsection.3.17.1}{\376\377\000C\000o\000n\000s\000t\000r\000u\000c\000t\000o\000r\000\040\000\046\000\040\000D\000e\000s\000t\000r\000u\000c\000t\000o\000r\000\040\000D\000o\000c\000u\000m\000e\000n\000t\000a\000t\000i\000o\000n}{section.3.17}% 231
\BOOKMARK [3][-]{subsubsection.3.17.1.1}{\376\377\000S\000c\000h\000e\000d\000u\000l\000e}{subsection.3.17.1}% 232
\BOOKMARK [2][-]{subsection.3.17.2}{\376\377\000M\000e\000m\000b\000e\000r\000\040\000F\000u\000n\000c\000t\000i\000o\000n\000\040\000D\000o\000c\000u\000m\000e\000n\000t\000a\000t\000i\000o\000n}{section.3.17}% 233
\BOOKMARK [3][-]{subsubsection.3.17.2.1}{\376\377\000d\000e\000t\000e\000r\000m\000i\000n\000e\000R\000e\000u\000s\000e}{subsection.3.17.2}% 234
\BOOKMARK [3][-]{subsubsection.3.17.2.2}{\376\377\000s\000c\000h\000e\000d\000G\000r\000e\000e\000d\000y}{subsection.3.17.2}% 235
\BOOKMARK [2][-]{subsection.3.17.3}{\376\377\000F\000i\000e\000l\000d\000\040\000D\000o\000c\000u\000m\000e\000n\000t\000a\000t\000i\000o\000n}{section.3.17}% 236
\BOOKMARK [3][-]{subsubsection.3.17.3.1}{\376\377\000c\000l\000u\000s\000t\000e\000r\000S\000c\000r\000a\000t\000c\000h\000L\000i\000s\000t}{subsection.3.17.3}% 237
\BOOKMARK [3][-]{subsubsection.3.17.3.2}{\376\377\000e\000x\000p\000P\000t\000r}{subsection.3.17.3}% 238
\BOOKMARK [3][-]{subsubsection.3.17.3.3}{\376\377\000f\000i\000n\000i\000s\000h\000e\000d\000L\000i\000s\000t}{subsection.3.17.3}% 239
\BOOKMARK [3][-]{subsubsection.3.17.3.4}{\376\377\000j\000o\000b\000Q\000u\000e\000u\000e}{subsection.3.17.3}% 240
\BOOKMARK [3][-]{subsubsection.3.17.3.5}{\376\377\000p\000r\000i\000o\000r\000i\000t\000y\000L\000i\000s\000t}{subsection.3.17.3}% 241
\BOOKMARK [1][-]{section.3.18}{\376\377\000R\000T\000r\000e\000e\000<\000\040\000D\000A\000T\000A\000T\000Y\000P\000E\000,\000\040\000E\000L\000E\000M\000T\000Y\000P\000E\000,\000\040\000N\000U\000M\000D\000I\000M\000S\000,\000\040\000E\000L\000E\000M\000T\000Y\000P\000E\000R\000E\000A\000L\000,\000\040\000T\000M\000A\000X\000N\000O\000D\000E\000S\000,\000\040\000T\000M\000I\000N\000N\000O\000D\000E\000S\000\040\000>\000:\000:\000I\000t\000e\000r\000a\000t\000o\000r\000:\000:\000S\000t\000a\000c\000k\000E\000l\000e\000m\000e\000n\000t\000\040\000S\000t\000r\000u\000c\000t\000\040\000R\000e\000f\000e\000r\000e\000n\000c\000e}{chapter.3}% 242
\BOOKMARK [2][-]{subsection.3.18.1}{\376\377\000F\000i\000e\000l\000d\000\040\000D\000o\000c\000u\000m\000e\000n\000t\000a\000t\000i\000o\000n}{section.3.18}% 243
\BOOKMARK [3][-]{subsubsection.3.18.1.1}{\376\377\000m\000\137\000b\000r\000a\000n\000c\000h\000I\000n\000d\000e\000x}{subsection.3.18.1}% 244
\BOOKMARK [3][-]{subsubsection.3.18.1.2}{\376\377\000m\000\137\000n\000o\000d\000e}{subsection.3.18.1}% 245
\BOOKMARK [0][-]{chapter.4}{\376\377\000F\000i\000l\000e\000\040\000D\000o\000c\000u\000m\000e\000n\000t\000a\000t\000i\000o\000n}{}% 246
\BOOKMARK [1][-]{section.4.1}{\376\377\000c\000\137\000t\000e\000s\000t\000\137\000p\000r\000o\000g\000.\000c\000p\000p\000\040\000F\000i\000l\000e\000\040\000R\000e\000f\000e\000r\000e\000n\000c\000e}{chapter.4}% 247
\BOOKMARK [2][-]{subsection.4.1.1}{\376\377\000F\000u\000n\000c\000t\000i\000o\000n\000\040\000D\000o\000c\000u\000m\000e\000n\000t\000a\000t\000i\000o\000n}{section.4.1}% 248
\BOOKMARK [3][-]{subsubsection.4.1.1.1}{\376\377\000m\000a\000i\000n}{subsection.4.1.1}% 249
\BOOKMARK [1][-]{section.4.2}{\376\377\000c\000\137\000t\000e\000s\000t\000\137\000p\000r\000o\000g\000.\000h\000\040\000F\000i\000l\000e\000\040\000R\000e\000f\000e\000r\000e\000n\000c\000e}{chapter.4}% 250
\BOOKMARK [2][-]{subsection.4.2.1}{\376\377\000F\000u\000n\000c\000t\000i\000o\000n\000\040\000D\000o\000c\000u\000m\000e\000n\000t\000a\000t\000i\000o\000n}{section.4.2}% 251
\BOOKMARK [3][-]{subsubsection.4.2.1.1}{\376\377\000l\000i\000b\000V\000D\000B\000S\000C\000A\000N}{subsection.4.2.1}% 252
\BOOKMARK [1][-]{section.4.3}{\376\377\000D\000B\000S\000c\000a\000n\000.\000c\000p\000p\000\040\000F\000i\000l\000e\000\040\000R\000e\000f\000e\000r\000e\000n\000c\000e}{chapter.4}% 253
\BOOKMARK [2][-]{subsection.4.3.1}{\376\377\000V\000a\000r\000i\000a\000b\000l\000e\000\040\000D\000o\000c\000u\000m\000e\000n\000t\000a\000t\000i\000o\000n}{section.4.3}% 254
\BOOKMARK [3][-]{subsubsection.4.3.1.1}{\376\377\000n\000e\000i\000g\000h\000b\000o\000u\000r\000L\000i\000s\000t}{subsection.4.3.1}% 255
\BOOKMARK [3][-]{subsubsection.4.3.1.2}{\376\377\000n\000e\000i\000g\000h\000b\000o\000u\000r\000L\000i\000s\000t\000P\000a\000r\000a\000l\000l\000e\000l}{subsection.4.3.1}% 256
\BOOKMARK [3][-]{subsubsection.4.3.1.3}{\376\377\000N\000U\000M\000M\000I\000N\000R\000E\000U\000S\000E\000P\000T\000S}{subsection.4.3.1}% 257
\BOOKMARK [1][-]{section.4.4}{\376\377\000D\000B\000S\000c\000a\000n\000.\000h\000\040\000F\000i\000l\000e\000\040\000R\000e\000f\000e\000r\000e\000n\000c\000e}{chapter.4}% 258
\BOOKMARK [1][-]{section.4.5}{\376\377\000g\000l\000o\000b\000a\000l\000s\000.\000h\000\040\000F\000i\000l\000e\000\040\000R\000e\000f\000e\000r\000e\000n\000c\000e}{chapter.4}% 259
\BOOKMARK [2][-]{subsection.4.5.1}{\376\377\000V\000a\000r\000i\000a\000b\000l\000e\000\040\000D\000o\000c\000u\000m\000e\000n\000t\000a\000t\000i\000o\000n}{section.4.5}% 260
\BOOKMARK [3][-]{subsubsection.4.5.1.1}{\376\377\000d\000a\000t\000a\000P\000o\000i\000n\000t\000s}{subsection.4.5.1}% 261
\BOOKMARK [3][-]{subsubsection.4.5.1.2}{\376\377\000n\000e\000i\000g\000h\000b\000o\000u\000r\000L\000i\000s\000t\000P\000a\000r\000a\000l\000l\000e\000l}{subsection.4.5.1}% 262
\BOOKMARK [1][-]{section.4.6}{\376\377\000m\000a\000i\000n\000.\000c\000p\000p\000\040\000F\000i\000l\000e\000\040\000R\000e\000f\000e\000r\000e\000n\000c\000e}{chapter.4}% 263
\BOOKMARK [2][-]{subsection.4.6.1}{\376\377\000F\000u\000n\000c\000t\000i\000o\000n\000\040\000D\000o\000c\000u\000m\000e\000n\000t\000a\000t\000i\000o\000n}{section.4.6}% 264
\BOOKMARK [3][-]{subsubsection.4.6.1.1}{\376\377\000b\000i\000n\000\137\000x}{subsection.4.6.1}% 265
\BOOKMARK [3][-]{subsubsection.4.6.1.2}{\376\377\000b\000i\000n\000\137\000y}{subsection.4.6.1}% 266
\BOOKMARK [3][-]{subsubsection.4.6.1.3}{\376\377\000b\000i\000n\000D\000a\000t\000a\000s\000e\000t}{subsection.4.6.1}% 267
\BOOKMARK [3][-]{subsubsection.4.6.1.4}{\376\377\000c\000o\000m\000p\000a\000r\000e\000B\000y\000E\000p\000s\000i\000l\000o\000n}{subsection.4.6.1}% 268
\BOOKMARK [3][-]{subsubsection.4.6.1.5}{\376\377\000c\000o\000m\000p\000a\000r\000e\000D\000a\000t\000a\000E\000l\000e\000m\000S\000t\000r\000u\000c\000t\000F\000u\000n\000c}{subsection.4.6.1}% 269
\BOOKMARK [3][-]{subsubsection.4.6.1.6}{\376\377\000c\000r\000e\000a\000t\000e\000E\000n\000t\000r\000y\000M\000B\000B\000M\000u\000l\000t\000i\000p\000l\000e\000P\000o\000i\000n\000t\000s}{subsection.4.6.1}% 270
\BOOKMARK [3][-]{subsubsection.4.6.1.7}{\376\377\000c\000r\000e\000a\000t\000e\000E\000n\000t\000r\000y\000M\000B\000B\000s}{subsection.4.6.1}% 271
\BOOKMARK [3][-]{subsubsection.4.6.1.8}{\376\377\000l\000i\000b\000V\000D\000B\000S\000C\000A\000N}{subsection.4.6.1}% 272
\BOOKMARK [1][-]{section.4.7}{\376\377\000p\000r\000o\000t\000o\000t\000y\000p\000e\000s\000.\000h\000\040\000F\000i\000l\000e\000\040\000R\000e\000f\000e\000r\000e\000n\000c\000e}{chapter.4}% 273
\BOOKMARK [2][-]{subsection.4.7.1}{\376\377\000F\000u\000n\000c\000t\000i\000o\000n\000\040\000D\000o\000c\000u\000m\000e\000n\000t\000a\000t\000i\000o\000n}{section.4.7}% 274
\BOOKMARK [3][-]{subsubsection.4.7.1.1}{\376\377\000b\000i\000n\000\137\000x}{subsection.4.7.1}% 275
\BOOKMARK [3][-]{subsubsection.4.7.1.2}{\376\377\000b\000i\000n\000\137\000y}{subsection.4.7.1}% 276
\BOOKMARK [3][-]{subsubsection.4.7.1.3}{\376\377\000b\000i\000n\000D\000a\000t\000a\000s\000e\000t}{subsection.4.7.1}% 277
\BOOKMARK [3][-]{subsubsection.4.7.1.4}{\376\377\000c\000o\000m\000p\000a\000r\000e\000B\000y\000E\000p\000s\000i\000l\000o\000n}{subsection.4.7.1}% 278
\BOOKMARK [3][-]{subsubsection.4.7.1.5}{\376\377\000c\000o\000m\000p\000a\000r\000e\000D\000a\000t\000a\000E\000l\000e\000m\000S\000t\000r\000u\000c\000t\000F\000u\000n\000c}{subsection.4.7.1}% 279
\BOOKMARK [3][-]{subsubsection.4.7.1.6}{\376\377\000c\000r\000e\000a\000t\000e\000E\000n\000t\000r\000y\000M\000B\000B\000M\000u\000l\000t\000i\000p\000l\000e\000P\000o\000i\000n\000t\000s}{subsection.4.7.1}% 280
\BOOKMARK [3][-]{subsubsection.4.7.1.7}{\376\377\000c\000r\000e\000a\000t\000e\000E\000n\000t\000r\000y\000M\000B\000B\000s}{subsection.4.7.1}% 281
\BOOKMARK [3][-]{subsubsection.4.7.1.8}{\376\377\000D\000B\000S\000C\000A\000N\000m\000y\000S\000e\000a\000r\000c\000h\000C\000a\000l\000l\000b\000a\000c\000k\000P\000a\000r\000a\000l\000l\000e\000l}{subsection.4.7.1}% 282
\BOOKMARK [3][-]{subsubsection.4.7.1.9}{\376\377\000i\000m\000p\000o\000r\000t\000D\000a\000t\000a\000s\000e\000t}{subsection.4.7.1}% 283
\BOOKMARK [3][-]{subsubsection.4.7.1.10}{\376\377\000i\000m\000p\000o\000r\000t\000D\000B\000S\000c\000a\000n\000I\000n\000s\000t\000a\000n\000c\000e\000s}{subsection.4.7.1}% 284
\BOOKMARK [1][-]{section.4.8}{\376\377\000R\000T\000r\000e\000e\000.\000h\000\040\000F\000i\000l\000e\000\040\000R\000e\000f\000e\000r\000e\000n\000c\000e}{chapter.4}% 285
\BOOKMARK [2][-]{subsection.4.8.1}{\376\377\000M\000a\000c\000r\000o\000\040\000D\000e\000f\000i\000n\000i\000t\000i\000o\000n\000\040\000D\000o\000c\000u\000m\000e\000n\000t\000a\000t\000i\000o\000n}{section.4.8}% 286
\BOOKMARK [3][-]{subsubsection.4.8.1.1}{\376\377\000A\000S\000S\000E\000R\000T}{subsection.4.8.1}% 287
\BOOKMARK [3][-]{subsubsection.4.8.1.2}{\376\377\000M\000a\000x}{subsection.4.8.1}% 288
\BOOKMARK [3][-]{subsubsection.4.8.1.3}{\376\377\000M\000i\000n}{subsection.4.8.1}% 289
\BOOKMARK [3][-]{subsubsection.4.8.1.4}{\376\377\000R\000T\000R\000E\000E\000\137\000D\000O\000N\000T\000\137\000U\000S\000E\000\137\000M\000E\000M\000P\000O\000O\000L\000S}{subsection.4.8.1}% 290
\BOOKMARK [3][-]{subsubsection.4.8.1.5}{\376\377\000R\000T\000R\000E\000E\000\137\000Q\000U\000A\000L}{subsection.4.8.1}% 291
\BOOKMARK [3][-]{subsubsection.4.8.1.6}{\376\377\000R\000T\000R\000E\000E\000\137\000T\000E\000M\000P\000L\000A\000T\000E}{subsection.4.8.1}% 292
\BOOKMARK [3][-]{subsubsection.4.8.1.7}{\376\377\000R\000T\000R\000E\000E\000\137\000U\000S\000E\000\137\000S\000P\000H\000E\000R\000I\000C\000A\000L\000\137\000V\000O\000L\000U\000M\000E}{subsection.4.8.1}% 293
\BOOKMARK [1][-]{section.4.9}{\376\377\000s\000c\000h\000e\000d\000u\000l\000e\000.\000c\000p\000p\000\040\000F\000i\000l\000e\000\040\000R\000e\000f\000e\000r\000e\000n\000c\000e}{chapter.4}% 294
\BOOKMARK [1][-]{section.4.10}{\376\377\000s\000c\000h\000e\000d\000u\000l\000e\000.\000h\000\040\000F\000i\000l\000e\000\040\000R\000e\000f\000e\000r\000e\000n\000c\000e}{chapter.4}% 295
\BOOKMARK [1][-]{section.4.11}{\376\377\000s\000t\000r\000u\000c\000t\000s\000.\000h\000\040\000F\000i\000l\000e\000\040\000R\000e\000f\000e\000r\000e\000n\000c\000e}{chapter.4}% 296
\BOOKMARK [1][-]{section.4.12}{\376\377\000t\000r\000e\000e\000\137\000f\000u\000n\000c\000t\000i\000o\000n\000s\000.\000c\000p\000p\000\040\000F\000i\000l\000e\000\040\000R\000e\000f\000e\000r\000e\000n\000c\000e}{chapter.4}% 297
\BOOKMARK [2][-]{subsection.4.12.1}{\376\377\000F\000u\000n\000c\000t\000i\000o\000n\000\040\000D\000o\000c\000u\000m\000e\000n\000t\000a\000t\000i\000o\000n}{section.4.12}% 298
\BOOKMARK [3][-]{subsubsection.4.12.1.1}{\376\377\000D\000B\000S\000C\000A\000N\000m\000y\000S\000e\000a\000r\000c\000h\000C\000a\000l\000l\000b\000a\000c\000k\000P\000a\000r\000a\000l\000l\000e\000l}{subsection.4.12.1}% 299
\BOOKMARK [0][-]{section*.61}{\376\377\000I\000n\000d\000e\000x}{}% 300
